<?xml version="1.0" encoding="UTF-8"?>
<!-- Generated by org.testng.reporters.JUnitReportReporter -->
<testsuite hostname="Admins-Mac-mini.local" name="com.scottdavidson.reunion.json.AlumniTest" tests="1" failures="0" timestamp="10 Feb 2013 18:06:16 GMT" time="0.221" errors="0">
  <testcase name="basicTest" time="0.221" classname="com.scottdavidson.reunion.json.AlumniTest"/>
</testsuite> <!-- com.scottdavidson.reunion.json.AlumniTest -->
